<?xml version="1.0" encoding="UTF-8"?>
<!-- Generated by org.testng.reporters.JUnitXMLReporter -->
<testsuite ignored="0" hostname="DESKTOP-S047Q6J" failures="0" tests="8" name="Test" time="41.113" errors="0" timestamp="2022-10-20T14:52:50 IST">
  <testcase classname="testClasses.VerifySearchTheMedicine" name="enterThePin" time="2.678"/>
  <testcase classname="testClasses.VerifySearchTheMedicine" name="verifyTabletListIsPrinted" time="2.237"/>
  <testcase classname="testClasses.VerifySearchTheMedicine" name="getLowestPriceOfTablet" time="0.182"/>
  <testcase classname="testClasses.VerifyBuyTheTabletOrder" name="buyTheMedicine" time="15.211"/>
  <testcase classname="testClasses.VerifyBuyTheTabletOrder" name="verifyPersonalDetailPageIsOpened" time="4.413"/>
  <testcase classname="testClasses.VerifyAddTheAddress" name="AddAddressDetailsIntial" time="2.192"/>
  <testcase classname="testClasses.VerifyAddTheAddress" name="AddAddressDetails" time="4.515"/>
  <testcase classname="testClasses.VerifyAddTheAddress" name="AddAddressDetails" time="4.53"/>
</testsuite> <!-- Test -->
