<?xml version="1.0" encoding="UTF-8"?>
<testng-results ignored="0" total="8" passed="8" failed="0" skipped="0">
  <reporter-output>
    <line>
      <![CDATA[Test started]]>
    </line>
    <line>
      <![CDATA[Test pass]]>
    </line>
    <line>
      <![CDATA[Test started]]>
    </line>
    <line>
      <![CDATA[Test pass]]>
    </line>
    <line>
      <![CDATA[Test started]]>
    </line>
    <line>
      <![CDATA[Test pass]]>
    </line>
    <line>
      <![CDATA[Test started]]>
    </line>
    <line>
      <![CDATA[Test pass]]>
    </line>
    <line>
      <![CDATA[Test started]]>
    </line>
    <line>
      <![CDATA[Test pass]]>
    </line>
    <line>
      <![CDATA[Test started]]>
    </line>
    <line>
      <![CDATA[Test pass]]>
    </line>
    <line>
      <![CDATA[Test started]]>
    </line>
    <line>
      <![CDATA[Test pass]]>
    </line>
    <line>
      <![CDATA[Test started]]>
    </line>
    <line>
      <![CDATA[Test pass]]>
    </line>
  </reporter-output>
  <suite started-at="2022-10-20T14:52:09 IST" name="Suite" finished-at="2022-10-20T14:52:50 IST" duration-ms="41113">
    <groups>
    </groups>
    <test started-at="2022-10-20T14:52:09 IST" name="Test" finished-at="2022-10-20T14:52:50 IST" duration-ms="41113">
      <class name="testClasses.VerifySearchTheMedicine">
        <test-method is-config="true" signature="beforeClass()[pri:0, instance:testClasses.VerifySearchTheMedicine@564fabc8]" started-at="2022-10-20T14:52:09 IST" name="beforeClass" finished-at="2022-10-20T14:52:14 IST" duration-ms="4418" status="PASS">
          <reporter-output>
          </reporter-output>
        </test-method> <!-- beforeClass -->
        <test-method is-config="true" signature="beforeMethod()[pri:0, instance:testClasses.VerifySearchTheMedicine@564fabc8]" started-at="2022-10-20T14:52:14 IST" name="beforeMethod" finished-at="2022-10-20T14:52:14 IST" duration-ms="56" status="PASS">
          <reporter-output>
          </reporter-output>
        </test-method> <!-- beforeMethod -->
        <test-method signature="enterThePin()[pri:1, instance:testClasses.VerifySearchTheMedicine@564fabc8]" started-at="2022-10-20T14:52:14 IST" name="enterThePin" finished-at="2022-10-20T14:52:16 IST" duration-ms="2678" status="PASS">
          <reporter-output>
            <line>
              <![CDATA[Test started]]>
            </line>
            <line>
              <![CDATA[Test pass]]>
            </line>
          </reporter-output>
        </test-method> <!-- enterThePin -->
        <test-method is-config="true" signature="afterMethod()[pri:0, instance:testClasses.VerifySearchTheMedicine@564fabc8]" started-at="2022-10-20T14:52:16 IST" name="afterMethod" finished-at="2022-10-20T14:52:16 IST" duration-ms="3" status="PASS">
          <reporter-output>
          </reporter-output>
        </test-method> <!-- afterMethod -->
        <test-method is-config="true" signature="beforeMethod()[pri:0, instance:testClasses.VerifySearchTheMedicine@564fabc8]" started-at="2022-10-20T14:52:16 IST" name="beforeMethod" finished-at="2022-10-20T14:52:16 IST" duration-ms="0" status="PASS">
          <reporter-output>
          </reporter-output>
        </test-method> <!-- beforeMethod -->
        <test-method signature="verifyTabletListIsPrinted()[pri:2, instance:testClasses.VerifySearchTheMedicine@564fabc8]" started-at="2022-10-20T14:52:16 IST" name="verifyTabletListIsPrinted" finished-at="2022-10-20T14:52:19 IST" duration-ms="2237" status="PASS">
          <reporter-output>
            <line>
              <![CDATA[Test started]]>
            </line>
            <line>
              <![CDATA[Test pass]]>
            </line>
          </reporter-output>
        </test-method> <!-- verifyTabletListIsPrinted -->
        <test-method is-config="true" signature="afterMethod()[pri:0, instance:testClasses.VerifySearchTheMedicine@564fabc8]" started-at="2022-10-20T14:52:19 IST" name="afterMethod" finished-at="2022-10-20T14:52:19 IST" duration-ms="1" status="PASS">
          <reporter-output>
          </reporter-output>
        </test-method> <!-- afterMethod -->
        <test-method is-config="true" signature="beforeMethod()[pri:0, instance:testClasses.VerifySearchTheMedicine@564fabc8]" started-at="2022-10-20T14:52:19 IST" name="beforeMethod" finished-at="2022-10-20T14:52:19 IST" duration-ms="6" status="PASS">
          <reporter-output>
          </reporter-output>
        </test-method> <!-- beforeMethod -->
        <test-method signature="getLowestPriceOfTablet()[pri:3, instance:testClasses.VerifySearchTheMedicine@564fabc8]" started-at="2022-10-20T14:52:19 IST" name="getLowestPriceOfTablet" finished-at="2022-10-20T14:52:19 IST" duration-ms="182" status="PASS">
          <reporter-output>
            <line>
              <![CDATA[Test started]]>
            </line>
            <line>
              <![CDATA[Test pass]]>
            </line>
          </reporter-output>
        </test-method> <!-- getLowestPriceOfTablet -->
        <test-method is-config="true" signature="afterMethod()[pri:0, instance:testClasses.VerifySearchTheMedicine@564fabc8]" started-at="2022-10-20T14:52:19 IST" name="afterMethod" finished-at="2022-10-20T14:52:19 IST" duration-ms="0" status="PASS">
          <reporter-output>
          </reporter-output>
        </test-method> <!-- afterMethod -->
        <test-method is-config="true" signature="afterClass()[pri:0, instance:testClasses.VerifySearchTheMedicine@564fabc8]" started-at="2022-10-20T14:52:19 IST" name="afterClass" finished-at="2022-10-20T14:52:19 IST" duration-ms="348" status="PASS">
          <reporter-output>
          </reporter-output>
        </test-method> <!-- afterClass -->
      </class> <!-- testClasses.VerifySearchTheMedicine -->
      <class name="testClasses.VerifyAddTheAddress">
        <test-method is-config="true" signature="beforeClass()[pri:0, instance:testClasses.VerifyAddTheAddress@10e31a9a]" started-at="2022-10-20T14:52:39 IST" name="beforeClass" finished-at="2022-10-20T14:52:39 IST" duration-ms="1" status="PASS">
          <reporter-output>
          </reporter-output>
        </test-method> <!-- beforeClass -->
        <test-method is-config="true" signature="beforeMethod()[pri:0, instance:testClasses.VerifyAddTheAddress@10e31a9a]" started-at="2022-10-20T14:52:39 IST" name="beforeMethod" finished-at="2022-10-20T14:52:39 IST" duration-ms="5" status="PASS">
          <reporter-output>
          </reporter-output>
        </test-method> <!-- beforeMethod -->
        <test-method signature="AddAddressDetailsIntial()[pri:1, instance:testClasses.VerifyAddTheAddress@10e31a9a]" started-at="2022-10-20T14:52:39 IST" name="AddAddressDetailsIntial" finished-at="2022-10-20T14:52:41 IST" duration-ms="2192" status="PASS">
          <reporter-output>
            <line>
              <![CDATA[Test started]]>
            </line>
            <line>
              <![CDATA[Test pass]]>
            </line>
          </reporter-output>
        </test-method> <!-- AddAddressDetailsIntial -->
        <test-method is-config="true" signature="afterMethod(org.testng.ITestResult)[pri:0, instance:testClasses.VerifyAddTheAddress@10e31a9a]" started-at="2022-10-20T14:52:41 IST" name="afterMethod" finished-at="2022-10-20T14:52:41 IST" duration-ms="10" status="PASS">
          <params>
            <param index="0">
              <value>
                <![CDATA[[TestResult name=AddAddressDetailsIntial status=SUCCESS method=VerifyAddTheAddress.AddAddressDetailsIntial()[pri:1, instance:testClasses.VerifyAddTheAddress@10e31a9a] output=Test started]]]>
              </value>
            </param>
          </params>
          <reporter-output>
          </reporter-output>
        </test-method> <!-- afterMethod -->
        <test-method is-config="true" signature="beforeMethod()[pri:0, instance:testClasses.VerifyAddTheAddress@10e31a9a]" started-at="2022-10-20T14:52:41 IST" name="beforeMethod" finished-at="2022-10-20T14:52:41 IST" duration-ms="2" status="PASS">
          <reporter-output>
          </reporter-output>
        </test-method> <!-- beforeMethod -->
        <test-method signature="AddAddressDetails(java.lang.String,java.lang.String,java.lang.String,java.lang.String,java.lang.String,java.lang.String)[pri:2, instance:testClasses.VerifyAddTheAddress@10e31a9a]" started-at="2022-10-20T14:52:41 IST" name="AddAddressDetails" data-provider="AddressData" finished-at="2022-10-20T14:52:46 IST" duration-ms="4515" status="PASS">
          <params>
            <param index="0">
              <value>
                <![CDATA[Prashant Ashok Borade]]>
              </value>
            </param>
            <param index="1">
              <value>
                <![CDATA[416119]]>
              </value>
            </param>
            <param index="2">
              <value>
                <![CDATA[1]]>
              </value>
            </param>
            <param index="3">
              <value>
                <![CDATA[mudshingi]]>
              </value>
            </param>
            <param index="4">
              <value>
                <![CDATA[near khat karkhana]]>
              </value>
            </param>
            <param index="5">
              <value>
                <![CDATA[kolhapur]]>
              </value>
            </param>
          </params>
          <reporter-output>
            <line>
              <![CDATA[Test started]]>
            </line>
            <line>
              <![CDATA[Test pass]]>
            </line>
          </reporter-output>
        </test-method> <!-- AddAddressDetails -->
        <test-method is-config="true" signature="afterMethod(org.testng.ITestResult)[pri:0, instance:testClasses.VerifyAddTheAddress@10e31a9a]" started-at="2022-10-20T14:52:46 IST" name="afterMethod" finished-at="2022-10-20T14:52:46 IST" duration-ms="1" status="PASS">
          <params>
            <param index="0">
              <value>
                <![CDATA[[TestResult name=AddAddressDetails status=SUCCESS method=VerifyAddTheAddress.AddAddressDetails(java.lang.String,java.lang.String,java.lang.String,java.lang.String,java.lang.String,java.lang.String)[pri:2, instance:testClasses.VerifyAddTheAddress@10e31a9a] output=Test started]]]>
              </value>
            </param>
          </params>
          <reporter-output>
          </reporter-output>
        </test-method> <!-- afterMethod -->
        <test-method is-config="true" signature="beforeMethod()[pri:0, instance:testClasses.VerifyAddTheAddress@10e31a9a]" started-at="2022-10-20T14:52:46 IST" name="beforeMethod" finished-at="2022-10-20T14:52:46 IST" duration-ms="4" status="PASS">
          <reporter-output>
          </reporter-output>
        </test-method> <!-- beforeMethod -->
        <test-method signature="AddAddressDetails(java.lang.String,java.lang.String,java.lang.String,java.lang.String,java.lang.String,java.lang.String)[pri:2, instance:testClasses.VerifyAddTheAddress@10e31a9a]" started-at="2022-10-20T14:52:46 IST" name="AddAddressDetails" data-provider="AddressData" finished-at="2022-10-20T14:52:50 IST" duration-ms="4530" status="PASS">
          <params>
            <param index="0">
              <value>
                <![CDATA[Satish Vilas Patil]]>
              </value>
            </param>
            <param index="1">
              <value>
                <![CDATA[416005]]>
              </value>
            </param>
            <param index="2">
              <value>
                <![CDATA[2]]>
              </value>
            </param>
            <param index="3">
              <value>
                <![CDATA[uchgaon]]>
              </value>
            </param>
            <param index="4">
              <value>
                <![CDATA[near marath chauk]]>
              </value>
            </param>
            <param index="5">
              <value>
                <![CDATA[kolhapur]]>
              </value>
            </param>
          </params>
          <reporter-output>
            <line>
              <![CDATA[Test started]]>
            </line>
            <line>
              <![CDATA[Test pass]]>
            </line>
          </reporter-output>
        </test-method> <!-- AddAddressDetails -->
        <test-method is-config="true" signature="afterMethod(org.testng.ITestResult)[pri:0, instance:testClasses.VerifyAddTheAddress@10e31a9a]" started-at="2022-10-20T14:52:50 IST" name="afterMethod" finished-at="2022-10-20T14:52:50 IST" duration-ms="2" status="PASS">
          <params>
            <param index="0">
              <value>
                <![CDATA[[TestResult name=AddAddressDetails status=SUCCESS method=VerifyAddTheAddress.AddAddressDetails(java.lang.String,java.lang.String,java.lang.String,java.lang.String,java.lang.String,java.lang.String)[pri:2, instance:testClasses.VerifyAddTheAddress@10e31a9a] output=Test started]]]>
              </value>
            </param>
          </params>
          <reporter-output>
          </reporter-output>
        </test-method> <!-- afterMethod -->
        <test-method is-config="true" signature="afterClass()[pri:0, instance:testClasses.VerifyAddTheAddress@10e31a9a]" started-at="2022-10-20T14:52:50 IST" name="afterClass" finished-at="2022-10-20T14:52:50 IST" duration-ms="105" status="PASS">
          <reporter-output>
          </reporter-output>
        </test-method> <!-- afterClass -->
      </class> <!-- testClasses.VerifyAddTheAddress -->
      <class name="testClasses.VerifyBuyTheTabletOrder">
        <test-method is-config="true" signature="beforeClass()[pri:0, instance:testClasses.VerifyBuyTheTabletOrder@3febb011]" started-at="2022-10-20T14:52:19 IST" name="beforeClass" finished-at="2022-10-20T14:52:19 IST" duration-ms="1" status="PASS">
          <reporter-output>
          </reporter-output>
        </test-method> <!-- beforeClass -->
        <test-method is-config="true" signature="beforeMethod()[pri:0, instance:testClasses.VerifyBuyTheTabletOrder@3febb011]" started-at="2022-10-20T14:52:19 IST" name="beforeMethod" finished-at="2022-10-20T14:52:19 IST" duration-ms="5" status="PASS">
          <reporter-output>
          </reporter-output>
        </test-method> <!-- beforeMethod -->
        <test-method signature="buyTheMedicine()[pri:1, instance:testClasses.VerifyBuyTheTabletOrder@3febb011]" started-at="2022-10-20T14:52:19 IST" name="buyTheMedicine" finished-at="2022-10-20T14:52:34 IST" duration-ms="15211" status="PASS">
          <reporter-output>
            <line>
              <![CDATA[Test started]]>
            </line>
            <line>
              <![CDATA[Test pass]]>
            </line>
          </reporter-output>
        </test-method> <!-- buyTheMedicine -->
        <test-method is-config="true" signature="afterMethod()[pri:0, instance:testClasses.VerifyBuyTheTabletOrder@3febb011]" started-at="2022-10-20T14:52:34 IST" name="afterMethod" finished-at="2022-10-20T14:52:34 IST" duration-ms="0" status="PASS">
          <reporter-output>
          </reporter-output>
        </test-method> <!-- afterMethod -->
        <test-method is-config="true" signature="beforeMethod()[pri:0, instance:testClasses.VerifyBuyTheTabletOrder@3febb011]" started-at="2022-10-20T14:52:34 IST" name="beforeMethod" finished-at="2022-10-20T14:52:34 IST" duration-ms="3" status="PASS">
          <reporter-output>
          </reporter-output>
        </test-method> <!-- beforeMethod -->
        <test-method signature="verifyPersonalDetailPageIsOpened()[pri:2, instance:testClasses.VerifyBuyTheTabletOrder@3febb011]" started-at="2022-10-20T14:52:34 IST" name="verifyPersonalDetailPageIsOpened" finished-at="2022-10-20T14:52:39 IST" duration-ms="4413" status="PASS">
          <reporter-output>
            <line>
              <![CDATA[Test started]]>
            </line>
            <line>
              <![CDATA[Test pass]]>
            </line>
          </reporter-output>
        </test-method> <!-- verifyPersonalDetailPageIsOpened -->
        <test-method is-config="true" signature="afterMethod()[pri:0, instance:testClasses.VerifyBuyTheTabletOrder@3febb011]" started-at="2022-10-20T14:52:39 IST" name="afterMethod" finished-at="2022-10-20T14:52:39 IST" duration-ms="1" status="PASS">
          <reporter-output>
          </reporter-output>
        </test-method> <!-- afterMethod -->
        <test-method is-config="true" signature="afterClass()[pri:0, instance:testClasses.VerifyBuyTheTabletOrder@3febb011]" started-at="2022-10-20T14:52:39 IST" name="afterClass" finished-at="2022-10-20T14:52:39 IST" duration-ms="76" status="PASS">
          <reporter-output>
          </reporter-output>
        </test-method> <!-- afterClass -->
      </class> <!-- testClasses.VerifyBuyTheTabletOrder -->
    </test> <!-- Test -->
  </suite> <!-- Suite -->
</testng-results>
